<?xml version="1.0" encoding="UTF-8"?>
<!-- Generated by org.testng.reporters.JUnitXMLReporter -->
<testsuite ignored="0" hostname="DESKTOP-H0PI4DT" failures="1" tests="2" name="Test" time="12.229" errors="0" timestamp="2023-05-26T13:22:34 IST">
  <testcase classname="extentReportExample.ExtentReportsTestCase_Method1" name="verifyLogo" time="0.139">
    <failure type="java.lang.AssertionError" message="did not expect to find [false] but found [true]">
      <![CDATA[java.lang.AssertionError: did not expect to find [false] but found [true]
at extentReportExample.ExtentReportsTestCase_Method1.verifyLogo(ExtentReportsTestCase_Method1.java:131)
at java.base/java.util.ArrayList.forEach(ArrayList.java:1511)
... Removed 31 stack frames]]>
    </failure>
  </testcase> <!-- verifyLogo -->
  <testcase classname="extentReportExample.ExtentReportsTestCase_Method1" name="verifyTitle" time="0.031"/>
</testsuite> <!-- Test -->
